03/08/2019 04:05:59:1:Iniciando o sistema
03/08/2019 04:05:59:I:Declarando variaveis
03/08/2019 04:05:59:I:Verificando erros de upload no arquivo
03/08/2019 04:05:59Não foi possível fazer o upload, erro:<br />Não foi feito o upload do arquivo
03/08/2019 04:05:59:X:Finalizando o sistema
---------------------------------------------
03/08/2019 04:06:51:1:Iniciando o sistema
03/08/2019 04:06:51:I:Declarando variaveis
03/08/2019 04:06:51:I:Verificando erros de upload no arquivo
03/08/2019 04:06:51:I:Finalizando verificanção de erros de upload no arquivo
03/08/2019 04:06:51:I:Validando extensões do arquivo
03/08/2019 04:06:51:I:Movendo arquivo para pasta de destino.
03/08/2019 04:06:52:I:Upload efetuado com sucesso!
03/08/2019 04:06:52:X:Finalizando o sistema
---------------------------------------------
03/08/2019 04:17:41:1:Iniciando o sistema
03/08/2019 04:17:41:I:Declarando variaveis
03/08/2019 04:17:41:I:Verificando erros de upload no arquivo
03/08/2019 04:17:41:I:Finalizando verificanção de erros de upload no arquivo
03/08/2019 04:17:41:I:Validando extensões do arquivo
03/08/2019 04:17:41:I:Movendo arquivo para pasta de destino.
03/08/2019 04:17:41:I:Upload efetuado com sucesso!
03/08/2019 04:17:41:X:Finalizando o sistema
---------------------------------------------
03/08/2019 04:20:33:1:Iniciando o sistema
03/08/2019 04:20:33:I:Declarando variaveis
03/08/2019 04:20:33:I:Verificando erros de upload no arquivo
03/08/2019 04:20:33:I:Finalizando verificanção de erros de upload no arquivo
03/08/2019 04:20:33:I:Validando extensões do arquivo
03/08/2019 04:20:33:I:Movendo arquivo para pasta de destino.
03/08/2019 04:20:33:I:Upload efetuado com sucesso!
03/08/2019 04:20:33:X:Finalizando o sistema
---------------------------------------------
03/08/2019 04:20:36:1:Iniciando o sistema
03/08/2019 04:20:36:I:Declarando variaveis
03/08/2019 04:20:36:I:Verificando erros de upload no arquivo
03/08/2019 04:20:36Não foi possível fazer o upload, erro:<br />Não foi feito o upload do arquivo
03/08/2019 04:20:36:X:Finalizando o sistema
---------------------------------------------
03/08/2019 04:20:45:1:Iniciando o sistema
03/08/2019 04:20:45:I:Declarando variaveis
03/08/2019 04:20:45:I:Verificando erros de upload no arquivo
03/08/2019 04:20:45:I:Finalizando verificanção de erros de upload no arquivo
03/08/2019 04:20:45:I:Validando extensões do arquivo
03/08/2019 04:20:45:I:Movendo arquivo para pasta de destino.
03/08/2019 04:20:45:I:Upload efetuado com sucesso!
03/08/2019 04:20:45:X:Finalizando o sistema
---------------------------------------------
03/08/2019 04:26:59:1:Iniciando o sistema
03/08/2019 04:26:59:I:Declarando variaveis
03/08/2019 04:26:59:I:Verificando erros de upload no arquivo
03/08/2019 04:26:59Não foi possível fazer o upload, erro:<br />Não foi feito o upload do arquivo
03/08/2019 04:26:59:X:Finalizando o sistema
---------------------------------------------
03/08/2019 04:28:58:1:Iniciando o sistema
03/08/2019 04:28:58:I:Declarando variaveis
03/08/2019 04:28:58:I:Verificando erros de upload no arquivo
03/08/2019 04:28:58:I:Finalizando verificanção de erros de upload no arquivo
03/08/2019 04:28:58:I:Validando extensões do arquivo
03/08/2019 04:28:58:I:Movendo arquivo para pasta de destino.
03/08/2019 04:28:58:I:Upload efetuado com sucesso!
03/08/2019 04:28:58:X:Finalizando o sistema
---------------------------------------------
03/08/2019 04:30:45:1:Iniciando o sistema
03/08/2019 04:30:45:I:Declarando variaveis
03/08/2019 04:30:45:I:Verificando erros de upload no arquivo
03/08/2019 04:30:45Não foi possível fazer o upload, erro:<br />Não foi feito o upload do arquivo
03/08/2019 04:30:45:X:Finalizando o sistema
---------------------------------------------
03/08/2019 04:30:52:1:Iniciando o sistema
03/08/2019 04:30:52:I:Declarando variaveis
03/08/2019 04:30:52:I:Verificando erros de upload no arquivo
03/08/2019 04:30:52:I:Finalizando verificanção de erros de upload no arquivo
03/08/2019 04:30:52:I:Validando extensões do arquivo
03/08/2019 04:30:52:I:Movendo arquivo para pasta de destino.
03/08/2019 04:30:52:I:Upload efetuado com sucesso!
03/08/2019 04:30:52:X:Finalizando o sistema
---------------------------------------------
03/08/2019 04:40:01:1:Iniciando o sistema
03/08/2019 04:40:01:I:Declarando variaveis
03/08/2019 04:40:01:I:Verificando erros de upload no arquivo
03/08/2019 04:40:01:I:Finalizando verificanção de erros de upload no arquivo
03/08/2019 04:40:01:I:Validando extensões do arquivo
03/08/2019 04:40:01:I:Movendo arquivo para pasta de destino.
03/08/2019 04:40:02:I:Upload efetuado com sucesso!
03/08/2019 04:40:02:X:Finalizando o sistema
---------------------------------------------
03/08/2019 04:41:05:1:Iniciando o sistema
03/08/2019 04:41:05:I:Declarando variaveis
03/08/2019 04:41:05:I:Verificando erros de upload no arquivo
03/08/2019 04:41:05:I:Finalizando verificanção de erros de upload no arquivo
03/08/2019 04:41:05:I:Validando extensões do arquivo
03/08/2019 04:41:05:I:Movendo arquivo para pasta de destino.
03/08/2019 04:41:05:I:Upload efetuado com sucesso!
03/08/2019 04:41:05:X:Finalizando o sistema
---------------------------------------------
03/08/2019 04:41:57:1:Iniciando o sistema
03/08/2019 04:41:57:I:Declarando variaveis
03/08/2019 04:41:57:I:Verificando erros de upload no arquivo
03/08/2019 04:41:57:I:Finalizando verificanção de erros de upload no arquivo
03/08/2019 04:41:57:I:Validando extensões do arquivo
03/08/2019 04:41:57:I:Movendo arquivo para pasta de destino.
03/08/2019 04:41:57:I:Upload efetuado com sucesso!
03/08/2019 04:41:57:X:Finalizando o sistema
---------------------------------------------
03/08/2019 04:42:12:1:Iniciando o sistema
03/08/2019 04:42:12:I:Declarando variaveis
03/08/2019 04:42:12:I:Verificando erros de upload no arquivo
03/08/2019 04:42:12:I:Finalizando verificanção de erros de upload no arquivo
03/08/2019 04:42:12:I:Validando extensões do arquivo
03/08/2019 04:42:12:I:Movendo arquivo para pasta de destino.
03/08/2019 04:42:12:I:Upload efetuado com sucesso!
03/08/2019 04:42:12:X:Finalizando o sistema
---------------------------------------------
03/08/2019 04:45:49:1:Iniciando o sistema
03/08/2019 04:45:49:I:Declarando variaveis
03/08/2019 04:45:49:I:Verificando erros de upload no arquivo
03/08/2019 04:45:49:I:Finalizando verificanção de erros de upload no arquivo
03/08/2019 04:45:49:I:Validando extensões do arquivo
03/08/2019 04:45:49:I:Movendo arquivo para pasta de destino.
03/08/2019 04:45:50:I:Upload efetuado com sucesso!
03/08/2019 04:45:50:X:Finalizando o sistema
---------------------------------------------
03/08/2019 04:46:32:1:Iniciando o sistema
03/08/2019 04:46:32:I:Declarando variaveis
03/08/2019 04:46:32:I:Verificando erros de upload no arquivo
03/08/2019 04:46:32:I:Finalizando verificanção de erros de upload no arquivo
03/08/2019 04:46:32:I:Validando extensões do arquivo
03/08/2019 04:46:32:I:Movendo arquivo para pasta de destino.
03/08/2019 04:46:32:I:Upload efetuado com sucesso!
03/08/2019 04:46:32:X:Finalizando o sistema
---------------------------------------------
03/08/2019 04:50:06:1:Iniciando o sistema
03/08/2019 04:50:06:I:Declarando variaveis
03/08/2019 04:50:06:I:Verificando erros de upload no arquivo
03/08/2019 04:50:06:I:Finalizando verificanção de erros de upload no arquivo
03/08/2019 04:50:06:I:Validando extensões do arquivo
03/08/2019 04:50:06:I:Movendo arquivo para pasta de destino.
03/08/2019 04:50:06:I:Upload efetuado com sucesso!
03/08/2019 04:50:06:X:Finalizando o sistema
---------------------------------------------
03/08/2019 04:52:00:1:Iniciando o sistema
03/08/2019 04:52:00:I:Declarando variaveis
03/08/2019 04:52:00:I:Verificando erros de upload no arquivo
03/08/2019 04:52:00:I:Finalizando verificanção de erros de upload no arquivo
03/08/2019 04:52:00:I:Validando extensões do arquivo
03/08/2019 04:52:00:I:Movendo arquivo para pasta de destino.
03/08/2019 04:52:01:I:Upload efetuado com sucesso!
03/08/2019 04:52:01:X:Finalizando o sistema
---------------------------------------------
03/08/2019 04:52:41:1:Iniciando o sistema
03/08/2019 04:52:41:I:Declarando variaveis
03/08/2019 04:52:41:I:Verificando erros de upload no arquivo
03/08/2019 04:52:41:I:Finalizando verificanção de erros de upload no arquivo
03/08/2019 04:52:41:I:Validando extensões do arquivo
03/08/2019 04:52:41:I:Movendo arquivo para pasta de destino.
03/08/2019 04:52:42:I:Upload efetuado com sucesso!
03/08/2019 04:52:42:X:Finalizando o sistema
---------------------------------------------
03/08/2019 04:53:21:1:Iniciando o sistema
03/08/2019 04:53:21:I:Declarando variaveis
03/08/2019 04:53:21:I:Verificando erros de upload no arquivo
03/08/2019 04:53:21:I:Finalizando verificanção de erros de upload no arquivo
03/08/2019 04:53:21:I:Validando extensões do arquivo
03/08/2019 04:53:21:I:Movendo arquivo para pasta de destino.
03/08/2019 04:53:22:I:Upload efetuado com sucesso!
03/08/2019 04:53:22:X:Finalizando o sistema
---------------------------------------------
03/08/2019 04:57:22:1:Iniciando o sistema
03/08/2019 04:57:22:I:Declarando variaveis
03/08/2019 04:57:22:I:Verificando erros de upload no arquivo
03/08/2019 04:57:22:I:Finalizando verificanção de erros de upload no arquivo
03/08/2019 04:57:22:I:Validando extensões do arquivo
03/08/2019 04:57:22:I:Movendo arquivo para pasta de destino.
03/08/2019 04:57:23:I:Upload efetuado com sucesso!
03/08/2019 04:57:23:X:Finalizando o sistema
---------------------------------------------
03/08/2019 04:58:03:1:Iniciando o sistema
03/08/2019 04:58:03:I:Declarando variaveis
03/08/2019 04:58:03:I:Verificando erros de upload no arquivo
03/08/2019 04:58:03:I:Finalizando verificanção de erros de upload no arquivo
03/08/2019 04:58:03:I:Validando extensões do arquivo
03/08/2019 04:58:03:I:Movendo arquivo para pasta de destino.
03/08/2019 04:58:04:I:Upload efetuado com sucesso!
03/08/2019 04:58:04:X:Finalizando o sistema
---------------------------------------------
03/08/2019 04:58:19:1:Iniciando o sistema
03/08/2019 04:58:19:I:Declarando variaveis
03/08/2019 04:58:19:I:Verificando erros de upload no arquivo
03/08/2019 04:58:19:I:Finalizando verificanção de erros de upload no arquivo
03/08/2019 04:58:19:I:Validando extensões do arquivo
03/08/2019 04:58:19:I:Movendo arquivo para pasta de destino.
03/08/2019 04:58:20:I:Upload efetuado com sucesso!
03/08/2019 04:58:20:X:Finalizando o sistema
---------------------------------------------
03/08/2019 04:58:32:1:Iniciando o sistema
03/08/2019 04:58:32:I:Declarando variaveis
03/08/2019 04:58:32:I:Verificando erros de upload no arquivo
03/08/2019 04:58:32:I:Finalizando verificanção de erros de upload no arquivo
03/08/2019 04:58:32:I:Validando extensões do arquivo
03/08/2019 04:58:32:I:Movendo arquivo para pasta de destino.
03/08/2019 04:58:32:I:Upload efetuado com sucesso!
03/08/2019 04:58:32:X:Finalizando o sistema
---------------------------------------------
03/08/2019 05:10:15:1:Iniciando o sistema
03/08/2019 05:10:15:I:Declarando variaveis
03/08/2019 05:10:15:I:Verificando erros de upload no arquivo
03/08/2019 05:10:15:I:Finalizando verificanção de erros de upload no arquivo
03/08/2019 05:10:15:I:Validando extensões do arquivo
03/08/2019 05:10:15:I:Movendo arquivo para pasta de destino.
03/08/2019 05:10:15:I:Upload efetuado com sucesso!
03/08/2019 05:10:15:X:Finalizando o sistema
---------------------------------------------
03/08/2019 05:23:28:1:Iniciando o sistema
03/08/2019 05:23:28:I:Declarando variaveis
03/08/2019 05:23:28:I:Verificando erros de upload no arquivo
03/08/2019 05:23:28:I:Finalizando verificanção de erros de upload no arquivo
03/08/2019 05:23:28:I:Validando extensões do arquivo
03/08/2019 05:23:28:I:Movendo arquivo para pasta de destino.
03/08/2019 05:23:28:I:Upload efetuado com sucesso!
03/08/2019 05:23:28:X:Finalizando o sistema
---------------------------------------------
03/08/2019 06:03:09:1:Iniciando o sistema
03/08/2019 06:03:09:I:Declarando variaveis
03/08/2019 06:03:09:I:Verificando erros de upload no arquivo
03/08/2019 06:03:09Não foi possível fazer o upload, erro:<br />Não foi feito o upload do arquivo
03/08/2019 06:03:09:X:Finalizando o sistema
---------------------------------------------
03/08/2019 06:04:32:1:Iniciando o sistema
03/08/2019 06:04:32:I:Declarando variaveis
03/08/2019 06:04:32:I:Verificando erros de upload no arquivo
03/08/2019 06:04:32:I:Finalizando verificanção de erros de upload no arquivo
03/08/2019 06:04:32:I:Validando extensões do arquivo
03/08/2019 06:04:32:I:Movendo arquivo para pasta de destino.
03/08/2019 06:04:33:I:Upload efetuado com sucesso!
03/08/2019 06:04:33:X:Finalizando o sistema
---------------------------------------------
03/08/2019 06:19:01:1:Iniciando o sistema
03/08/2019 06:19:01:I:Declarando variaveis
03/08/2019 06:19:01:I:Verificando erros de upload no arquivo
03/08/2019 06:19:01:I:Finalizando verificanção de erros de upload no arquivo
03/08/2019 06:19:01:I:Validando extensões do arquivo
03/08/2019 06:19:01:I:Movendo arquivo para pasta de destino.
03/08/2019 06:19:04:I:Upload efetuado com sucesso!
03/08/2019 06:19:04:X:Finalizando o sistema
---------------------------------------------
03/08/2019 06:20:50:1:Iniciando o sistema
03/08/2019 06:20:50:I:Declarando variaveis
03/08/2019 06:20:50:I:Verificando erros de upload no arquivo
03/08/2019 06:20:50:I:Finalizando verificanção de erros de upload no arquivo
03/08/2019 06:20:50:I:Validando extensões do arquivo
03/08/2019 06:20:50:I:Movendo arquivo para pasta de destino.
03/08/2019 06:20:53:I:Upload efetuado com sucesso!
03/08/2019 06:20:53:X:Finalizando o sistema
---------------------------------------------
03/08/2019 06:43:07:1:Iniciando o sistema
03/08/2019 06:43:07:I:Declarando variaveis
03/08/2019 06:43:07:I:Verificando erros de upload no arquivo
03/08/2019 06:43:07:I:Finalizando verificanção de erros de upload no arquivo
03/08/2019 06:43:07:I:Validando extensões do arquivo
03/08/2019 06:43:07:I:Movendo arquivo para pasta de destino.
03/08/2019 06:43:29:I:Upload efetuado com sucesso!
03/08/2019 06:43:29:X:Finalizando o sistema
---------------------------------------------
03/08/2019 21:29:36:1:Iniciando o sistema
03/08/2019 21:29:36:I:Declarando variaveis
03/08/2019 21:29:36:I:Verificando erros de upload no arquivo
03/08/2019 21:29:36:I:Finalizando verificanção de erros de upload no arquivo
03/08/2019 21:29:36:I:Validando extensões do arquivo
03/08/2019 21:29:36:I:Movendo arquivo para pasta de destino.
03/08/2019 21:29:44:I:Upload efetuado com sucesso!
03/08/2019 21:29:44:X:Finalizando o sistema
---------------------------------------------
03/08/2019 21:33:37:1:Iniciando o sistema
03/08/2019 21:33:37:I:Declarando variaveis
03/08/2019 21:33:37:I:Verificando erros de upload no arquivo
03/08/2019 21:33:37:I:Finalizando verificanção de erros de upload no arquivo
03/08/2019 21:33:37:I:Validando extensões do arquivo
03/08/2019 21:33:37:I:Por favor, envie arquivos com a seguinte extensão: pdf
03/08/2019 21:33:37:X:Finalizando o sistema
---------------------------------------------
03/08/2019 21:37:37:1:Iniciando o sistema
03/08/2019 21:37:37:I:Declarando variaveis
03/08/2019 21:37:37:I:Verificando erros de upload no arquivo
03/08/2019 21:37:37:I:Finalizando verificanção de erros de upload no arquivo
03/08/2019 21:37:37:I:Validando extensões do arquivo
03/08/2019 21:37:37:I:Por favor, envie arquivos com a seguinte extensão: pdf
03/08/2019 21:37:37:X:Finalizando o sistema
---------------------------------------------
03/08/2019 22:23:43:1:Iniciando o sistema
03/08/2019 22:23:43:I:Declarando variaveis
03/08/2019 22:23:43:I:Verificando erros de upload no arquivo
03/08/2019 22:23:43:I:Finalizando verificanção de erros de upload no arquivo
03/08/2019 22:23:43:I:Validando extensões do arquivo
03/08/2019 22:23:43:I:Movendo arquivo para pasta de destino.
03/08/2019 22:23:45:I:Upload efetuado com sucesso!
03/08/2019 22:23:45:X:Finalizando o sistema
---------------------------------------------
